Arguments: 
  /usr/bin/node /usr/local/bin/yarn watch

PATH: 
  /home/zealot/Applications/anaconda3/bin:/home/zealot/Applications/anaconda3/bin:/home/xiyuzhai/.opam/4.11.1/bin:/home/xiyuzhai/.cargo/bin:/home/xiyuzhai/.husky/bin:/home/xiyuzhai/.local/bin:/usr/local/sbin:/usr/local/bin:/usr/sbin:/usr/bin:/sbin:/bin:/usr/games:/usr/local/games:/snap/bin:/home/zealot/Applications/custom/bin:~/Applications/julia-1.5.3/bin:/home/zealot/Applications/custom/bin:~/Applications/julia-1.5.3/bin

Yarn version: 
  1.22.10

Node version: 
  16.4.1

Platform: 
  linux x64

Trace: 
  SyntaxError: /home/xiyuzhai/Documents/husky/husky_extension/package.json: Unexpected token } in JSON at position 275
      at JSON.parse (<anonymous>)
      at /usr/local/lib/node_modules/yarn/lib/cli.js:1625:59
      at Generator.next (<anonymous>)
      at step (/usr/local/lib/node_modules/yarn/lib/cli.js:310:30)
      at /usr/local/lib/node_modules/yarn/lib/cli.js:321:13

npm manifest: 
  {
    "name": "husky_extension",
    "version": "1.0.0",
    "repository": "https://github.com/xiyuzhai/husky",
    "author": "Xiyu Zhai",
    "license": "MIT",
    "dependencies": {
      "node": "^17.1.0"
    },
    "scripts": {
        "watch": "npm run build-base -- --sourcemap --watch",
    },
    "main": "./out/main",
    "activationEvents": [
        "onLanguage:husky",
    ],
    "contributes": {},
    "engines": {
        "vscode": "^1.57.0"
    }
  }

yarn manifest: 
  No manifest

Lockfile: 
  # THIS IS AN AUTOGENERATED FILE. DO NOT EDIT THIS FILE DIRECTLY.
  # yarn lockfile v1
  
  
  node-bin-setup@^1.0.0:
    version "1.0.6"
    resolved "https://registry.yarnpkg.com/node-bin-setup/-/node-bin-setup-1.0.6.tgz#4b5c9bb937ece702d7069b36ca78af4684677528"
    integrity sha512-uPIxXNis1CRbv1DwqAxkgBk5NFV3s7cMN/Gf556jSw6jBvV7ca4F9lRL/8cALcZecRibeqU+5dFYqFFmzv5a0Q==
  
  node@^17.1.0:
    version "17.1.0"
    resolved "https://registry.yarnpkg.com/node/-/node-17.1.0.tgz#a18a8f388e78381dbaeb00ae7a4414e99fa1ca79"
    integrity sha512-1gg810R7sKtFkCYMdIhOyYDCuRJZyLvP+lTX8Z9AMAiUdHPoeNu0KQN59CzBud5L/vMtFPkbsCwWOy1aTYOL8g==
    dependencies:
      node-bin-setup "^1.0.0"
